<?xml version="1.0" encoding="UTF-8"?>
<!-- Generated by org.testng.reporters.JUnitReportReporter -->
<testsuite hostname="DESKTOP-NTD7070" failures="0" tests="2" name="tests.UserTest" time="38.484" errors="0" timestamp="2025-02-25T14:53:33 SAST" skipped="0">
  <testcase classname="tests.UserTest" name="testAddUser" time="24.111"/>
  <system-out/>
  <testcase classname="tests.UserTest" name="testAddUser" time="14.373"/>
  <system-out/>
</testsuite> <!-- tests.UserTest -->
